<?xml version="1.0" encoding="UTF-8"?>
<!-- Generated by org.testng.reporters.JUnitReportReporter -->
<testsuite hostname="MAVBCP3267" failures="0" tests="1" name="com.aqua.selenium.VerifyLogin" time="20.714" errors="0" timestamp="2021-09-16T14:02:44 IST" skipped="0">
  <testcase classname="com.aqua.selenium.VerifyLogin" name="verifyValidLogin" time="20.714"/>
  <system-out/>
</testsuite> <!-- com.aqua.selenium.VerifyLogin -->
