<?xml version="1.0" encoding="UTF-8"?>
<!-- Generated by org.testng.reporters.JUnitReportReporter -->
<testsuite hostname="MAVBCP3267" failures="0" tests="1" name="com.aqua.selenium.SampleSelenium" time="17.150" errors="0" timestamp="2021-09-16T13:50:31 IST" skipped="0">
  <testcase classname="com.aqua.selenium.SampleSelenium" name="TestMethod" time="17.150"/>
  <system-out/>
</testsuite> <!-- com.aqua.selenium.SampleSelenium -->
