<?xml version="1.0" encoding="UTF-8"?>
<!-- Generated by org.testng.reporters.JUnitReportReporter -->
<testsuite hostname="MAVBCP3267" failures="0" tests="2" name="com.aqua.selenium.CrossBrowserScript" time="31.937" errors="0" timestamp="2021-09-17T20:36:41 IST" skipped="0">
  <testcase classname="com.aqua.selenium.CrossBrowserScript" name="testParameterWithXML" time="17.421"/>
  <system-out/>
  <testcase classname="com.aqua.selenium.CrossBrowserScript" name="testParameterWithXML" time="14.516"/>
  <system-out/>
</testsuite> <!-- com.aqua.selenium.CrossBrowserScript -->
